<?xml version="1.0" encoding="UTF-8"?>
<!-- Generated by org.testng.reporters.JUnitReportReporter -->
<testsuite skipped="0" hostname="Afrinas-MBP.fios-router.home" name="mct.testrunner.MyTest" tests="1" failures="0" timestamp="14 Nov 2019 16:34:31 GMT" time="0.006" errors="0">
  <testcase name="f" time="0.006" classname="mct.testrunner.MyTest"/>
</testsuite> <!-- mct.testrunner.MyTest -->
