<?xml version="1.0" encoding="UTF-8"?>
<!-- Generated by org.testng.reporters.JUnitReportReporter -->
<testsuite skipped="0" hostname="Afrinas-MBP.fios-router.home" name="mct.testrunner.MyTestNGtest" tests="4" failures="0" timestamp="15 Nov 2019 00:29:19 GMT" time="26.631" errors="0">
  <testcase name="signUp" time="7.905" classname="mct.testrunner.MyTestNGtest"/>
  <testcase name="myAccount" time="6.835" classname="mct.testrunner.MyTestNGtest"/>
  <testcase name="logOut" time="7.467" classname="mct.testrunner.MyTestNGtest"/>
  <testcase name="login" time="4.424" classname="mct.testrunner.MyTestNGtest"/>
</testsuite> <!-- mct.testrunner.MyTestNGtest -->
