<?xml version="1.0" encoding="UTF-8"?>
<!-- Generated by org.testng.reporters.JUnitReportReporter -->
<testsuite skipped="0" hostname="Afrinas-MBP.fios-router.home" name="practicepurpose.InvocationCountTest" tests="10" failures="0" timestamp="26 Nov 2019 02:41:19 GMT" time="0.009" errors="0">
  <testcase name="sum" time="0.001" classname="practicepurpose.InvocationCountTest"/>
  <testcase name="sum" time="0.000" classname="practicepurpose.InvocationCountTest"/>
  <testcase name="sum" time="0.000" classname="practicepurpose.InvocationCountTest"/>
  <testcase name="sum" time="0.001" classname="practicepurpose.InvocationCountTest"/>
  <testcase name="sum" time="0.001" classname="practicepurpose.InvocationCountTest"/>
  <testcase name="sum" time="0.001" classname="practicepurpose.InvocationCountTest"/>
  <testcase name="sum" time="0.002" classname="practicepurpose.InvocationCountTest"/>
  <testcase name="sum" time="0.001" classname="practicepurpose.InvocationCountTest"/>
  <testcase name="sum" time="0.001" classname="practicepurpose.InvocationCountTest"/>
  <testcase name="sum" time="0.001" classname="practicepurpose.InvocationCountTest"/>
</testsuite> <!-- practicepurpose.InvocationCountTest -->
