<?xml version="1.0" encoding="UTF-8"?>
<!-- Generated by org.testng.reporters.JUnitReportReporter -->
<testsuite skipped="0" hostname="Afrinas-MBP.fios-router.home" name="practicepurpose.ExceptionTimeOutTest" tests="1" failures="0" timestamp="26 Nov 2019 02:41:19 GMT" time="0.006" errors="0">
  <testcase name="test" time="0.006" classname="practicepurpose.ExceptionTimeOutTest"/>
</testsuite> <!-- practicepurpose.ExceptionTimeOutTest -->
