<?xml version="1.0" encoding="UTF-8"?>
<!-- Generated by org.testng.reporters.JUnitReportReporter -->
<testsuite skipped="0" hostname="Afrinas-MBP.fios-router.home" name="com.parameter.ParameterTest" tests="1" failures="0" timestamp="26 Nov 2019 22:56:31 GMT" time="5.046" errors="0">
  <testcase name="yahooLoginTest" time="5.046" classname="com.parameter.ParameterTest"/>
</testsuite> <!-- com.parameter.ParameterTest -->
