<?xml version="1.0" encoding="UTF-8"?>
<!-- Generated by org.testng.reporters.JUnitReportReporter -->
<testsuite skipped="0" hostname="Afrinas-MBP.fios-router.home" name="practicepurpose.GoogleTest" tests="3" failures="0" timestamp="26 Nov 2019 02:41:19 GMT" time="6.105" errors="0">
  <testcase name="googletitleTest" time="1.550" classname="practicepurpose.GoogleTest"/>
  <testcase name="googleTestlogo" time="1.780" classname="practicepurpose.GoogleTest"/>
  <testcase name="maillinkTest" time="2.775" classname="practicepurpose.GoogleTest"/>
</testsuite> <!-- practicepurpose.GoogleTest -->
